<?xml version="1.0" encoding="UTF-8"?>
<!-- Generated by org.testng.reporters.JUnitReportReporter -->
<testsuite skipped="0" hostname="DESKTOP-B2220QC" name="pack123.TestClass1234" tests="2" failures="0" timestamp="2022-02-21T09:12:03 IST" time="11.027" errors="0">
  <testcase name="verifyReportButton" time="6.780" classname="pack123.TestClass1234"/>
  <system-out/>
  <testcase name="verifyUserTab" time="4.247" classname="pack123.TestClass1234"/>
  <system-out/>
</testsuite> <!-- pack123.TestClass1234 -->
