<?xml version="1.0" encoding="UTF-8"?>
<!-- Generated by org.testng.reporters.JUnitReportReporter -->
<testsuite skipped="0" hostname="DESKTOP-B2220QC" name="pack123.General" tests="4" failures="0" timestamp="2022-02-28T08:44:53 IST" time="0.035" errors="0">
  <testcase name="testB" time="0.006" classname="pack123.General"/>
  <system-out/>
  <testcase name="testA" time="0.018" classname="pack123.General"/>
  <system-out/>
  <testcase name="testA" time="0.006" classname="pack123.General"/>
  <system-out/>
  <testcase name="testB" time="0.005" classname="pack123.General"/>
  <system-out/>
</testsuite> <!-- pack123.General -->
