<?xml version="1.0" encoding="UTF-8"?>
<!-- Generated by org.testng.reporters.JUnitReportReporter -->
<testsuite skipped="0" hostname="DESKTOP-B2220QC" name="pack123.Genral123" tests="4" failures="0" timestamp="2022-02-28T08:44:53 IST" time="0.023" errors="0">
  <testcase name="testD" time="0.003" classname="pack123.Genral123"/>
  <system-out/>
  <testcase name="testD" time="0.011" classname="pack123.Genral123"/>
  <system-out/>
  <testcase name="testC" time="0.004" classname="pack123.Genral123"/>
  <system-out/>
  <testcase name="testC" time="0.005" classname="pack123.Genral123"/>
  <system-out/>
</testsuite> <!-- pack123.Genral123 -->
